{"/home/viniciusms1/Projetos/react-native/go-stack-12/go-barber/mobile/src/components/Button/index.tsx": {"path":"/home/viniciusms1/Projetos/react-native/go-stack-12/go-barber/mobile/src/components/Button/index.tsx","statementMap":{"0":{"start":{"line":10,"column":38},"end":{"line":16,"column":1}},"1":{"start":{"line":11,"column":2},"end":{"line":15,"column":4}}},"fnMap":{"0":{"name":"(anonymous_0)","decl":{"start":{"line":10,"column":38},"end":{"line":10,"column":39}},"loc":{"start":{"line":10,"column":65},"end":{"line":16,"column":1}},"line":10}},"branchMap":{},"s":{"0":1,"1":1},"f":{"0":1},"b":{},"_coverageSchema":"43e27e138ebf9cfc5966b082cf9a028302ed4184","hash":"1ca2bdd4e71bc6ffd448280f9d574082263bf382"}
,"/home/viniciusms1/Projetos/react-native/go-stack-12/go-barber/mobile/src/components/Input/index.tsx": {"path":"/home/viniciusms1/Projetos/react-native/go-stack-12/go-barber/mobile/src/components/Input/index.tsx","statementMap":{"0":{"start":{"line":29,"column":66},"end":{"line":95,"column":1}},"1":{"start":{"line":33,"column":36},"end":{"line":33,"column":51}},"2":{"start":{"line":34,"column":34},"end":{"line":34,"column":49}},"3":{"start":{"line":35,"column":26},"end":{"line":35,"column":43}},"4":{"start":{"line":36,"column":65},"end":{"line":36,"column":79}},"5":{"start":{"line":37,"column":24},"end":{"line":37,"column":76}},"6":{"start":{"line":40,"column":27},"end":{"line":43,"column":8}},"7":{"start":{"line":41,"column":4},"end":{"line":41,"column":23}},"8":{"start":{"line":42,"column":4},"end":{"line":42,"column":22}},"9":{"start":{"line":46,"column":26},"end":{"line":49,"column":8}},"10":{"start":{"line":47,"column":4},"end":{"line":47,"column":24}},"11":{"start":{"line":48,"column":4},"end":{"line":48,"column":47}},"12":{"start":{"line":52,"column":2},"end":{"line":56,"column":6}},"13":{"start":{"line":52,"column":34},"end":{"line":56,"column":3}},"14":{"start":{"line":54,"column":6},"end":{"line":54,"column":38}},"15":{"start":{"line":58,"column":2},"end":{"line":72,"column":33}},"16":{"start":{"line":59,"column":4},"end":{"line":71,"column":7}},"17":{"start":{"line":64,"column":8},"end":{"line":64,"column":44}},"18":{"start":{"line":65,"column":8},"end":{"line":65,"column":64}},"19":{"start":{"line":68,"column":8},"end":{"line":68,"column":41}},"20":{"start":{"line":69,"column":8},"end":{"line":69,"column":40}},"21":{"start":{"line":74,"column":2},"end":{"line":94,"column":4}},"22":{"start":{"line":89,"column":10},"end":{"line":89,"column":46}}},"fnMap":{"0":{"name":"(anonymous_0)","decl":{"start":{"line":29,"column":66},"end":{"line":29,"column":67}},"loc":{"start":{"line":32,"column":5},"end":{"line":95,"column":1}},"line":32},"1":{"name":"(anonymous_1)","decl":{"start":{"line":40,"column":39},"end":{"line":40,"column":40}},"loc":{"start":{"line":40,"column":45},"end":{"line":43,"column":3}},"line":40},"2":{"name":"(anonymous_2)","decl":{"start":{"line":46,"column":38},"end":{"line":46,"column":39}},"loc":{"start":{"line":46,"column":44},"end":{"line":49,"column":3}},"line":46},"3":{"name":"(anonymous_3)","decl":{"start":{"line":52,"column":27},"end":{"line":52,"column":28}},"loc":{"start":{"line":52,"column":34},"end":{"line":56,"column":3}},"line":52},"4":{"name":"(anonymous_4)","decl":{"start":{"line":53,"column":4},"end":{"line":53,"column":5}},"loc":{"start":{"line":53,"column":12},"end":{"line":55,"column":5}},"line":53},"5":{"name":"(anonymous_5)","decl":{"start":{"line":58,"column":12},"end":{"line":58,"column":13}},"loc":{"start":{"line":58,"column":18},"end":{"line":72,"column":3}},"line":58},"6":{"name":"(anonymous_6)","decl":{"start":{"line":63,"column":6},"end":{"line":63,"column":7}},"loc":{"start":{"line":63,"column":32},"end":{"line":66,"column":7}},"line":63},"7":{"name":"(anonymous_7)","decl":{"start":{"line":67,"column":6},"end":{"line":67,"column":7}},"loc":{"start":{"line":67,"column":19},"end":{"line":70,"column":7}},"line":67},"8":{"name":"(anonymous_8)","decl":{"start":{"line":88,"column":22},"end":{"line":88,"column":23}},"loc":{"start":{"line":88,"column":31},"end":{"line":90,"column":9}},"line":88}},"branchMap":{"0":{"loc":{"start":{"line":30,"column":16},"end":{"line":30,"column":35}},"type":"default-arg","locations":[{"start":{"line":30,"column":33},"end":{"line":30,"column":35}}],"line":30},"1":{"loc":{"start":{"line":36,"column":25},"end":{"line":36,"column":42}},"type":"default-arg","locations":[{"start":{"line":36,"column":40},"end":{"line":36,"column":42}}],"line":36},"2":{"loc":{"start":{"line":79,"column":15},"end":{"line":79,"column":60}},"type":"cond-expr","locations":[{"start":{"line":79,"column":39},"end":{"line":79,"column":48}},{"start":{"line":79,"column":51},"end":{"line":79,"column":60}}],"line":79},"3":{"loc":{"start":{"line":79,"column":15},"end":{"line":79,"column":36}},"type":"binary-expr","locations":[{"start":{"line":79,"column":15},"end":{"line":79,"column":24}},{"start":{"line":79,"column":28},"end":{"line":79,"column":36}}],"line":79}},"s":{"0":1,"1":2,"2":2,"3":2,"4":2,"5":2,"6":2,"7":0,"8":0,"9":2,"10":0,"11":0,"12":2,"13":1,"14":0,"15":2,"16":2,"17":0,"18":0,"19":0,"20":0,"21":2,"22":0},"f":{"0":2,"1":0,"2":0,"3":1,"4":0,"5":2,"6":0,"7":0,"8":0},"b":{"0":[2],"1":[2],"2":[0,2],"3":[2,2]},"_coverageSchema":"43e27e138ebf9cfc5966b082cf9a028302ed4184","hash":"ad9a4cd91f53b991d9215df76342ccb036dc5bae"}
,"/home/viniciusms1/Projetos/react-native/go-stack-12/go-barber/mobile/src/hooks/auth.tsx": {"path":"/home/viniciusms1/Projetos/react-native/go-stack-12/go-barber/mobile/src/hooks/auth.tsx","statementMap":{"0":{"start":{"line":39,"column":20},"end":{"line":39,"column":73}},"1":{"start":{"line":41,"column":38},"end":{"line":105,"column":1}},"2":{"start":{"line":42,"column":26},"end":{"line":42,"column":51}},"3":{"start":{"line":43,"column":32},"end":{"line":43,"column":46}},"4":{"start":{"line":45,"column":2},"end":{"line":61,"column":9}},"5":{"start":{"line":47,"column":28},"end":{"line":50,"column":8}},"6":{"start":{"line":52,"column":6},"end":{"line":55,"column":7}},"7":{"start":{"line":53,"column":8},"end":{"line":53,"column":66}},"8":{"start":{"line":54,"column":8},"end":{"line":54,"column":64}},"9":{"start":{"line":57,"column":6},"end":{"line":57,"column":24}},"10":{"start":{"line":60,"column":4},"end":{"line":60,"column":22}},"11":{"start":{"line":63,"column":17},"end":{"line":79,"column":8}},"12":{"start":{"line":64,"column":21},"end":{"line":67,"column":6}},"13":{"start":{"line":69,"column":28},"end":{"line":69,"column":41}},"14":{"start":{"line":71,"column":4},"end":{"line":74,"column":7}},"15":{"start":{"line":76,"column":4},"end":{"line":76,"column":59}},"16":{"start":{"line":78,"column":4},"end":{"line":78,"column":29}},"17":{"start":{"line":81,"column":18},"end":{"line":85,"column":8}},"18":{"start":{"line":82,"column":4},"end":{"line":82,"column":74}},"19":{"start":{"line":84,"column":4},"end":{"line":84,"column":16}},"20":{"start":{"line":87,"column":21},"end":{"line":96,"column":3}},"21":{"start":{"line":89,"column":6},"end":{"line":89,"column":73}},"22":{"start":{"line":90,"column":6},"end":{"line":93,"column":9}},"23":{"start":{"line":98,"column":2},"end":{"line":104,"column":4}},"24":{"start":{"line":107,"column":23},"end":{"line":115,"column":1}},"25":{"start":{"line":108,"column":18},"end":{"line":108,"column":41}},"26":{"start":{"line":110,"column":2},"end":{"line":112,"column":3}},"27":{"start":{"line":111,"column":4},"end":{"line":111,"column":67}},"28":{"start":{"line":114,"column":2},"end":{"line":114,"column":17}}},"fnMap":{"0":{"name":"(anonymous_0)","decl":{"start":{"line":41,"column":38},"end":{"line":41,"column":39}},"loc":{"start":{"line":41,"column":56},"end":{"line":105,"column":1}},"line":41},"1":{"name":"(anonymous_1)","decl":{"start":{"line":45,"column":12},"end":{"line":45,"column":13}},"loc":{"start":{"line":45,"column":18},"end":{"line":61,"column":3}},"line":45},"2":{"name":"loadStorageData","decl":{"start":{"line":46,"column":19},"end":{"line":46,"column":34}},"loc":{"start":{"line":46,"column":52},"end":{"line":58,"column":5}},"line":46},"3":{"name":"(anonymous_3)","decl":{"start":{"line":63,"column":29},"end":{"line":63,"column":30}},"loc":{"start":{"line":63,"column":60},"end":{"line":79,"column":3}},"line":63},"4":{"name":"(anonymous_4)","decl":{"start":{"line":81,"column":30},"end":{"line":81,"column":31}},"loc":{"start":{"line":81,"column":42},"end":{"line":85,"column":3}},"line":81},"5":{"name":"(anonymous_5)","decl":{"start":{"line":88,"column":4},"end":{"line":88,"column":5}},"loc":{"start":{"line":88,"column":26},"end":{"line":94,"column":5}},"line":88},"6":{"name":"(anonymous_6)","decl":{"start":{"line":107,"column":23},"end":{"line":107,"column":24}},"loc":{"start":{"line":107,"column":46},"end":{"line":115,"column":1}},"line":107}},"branchMap":{"0":{"loc":{"start":{"line":52,"column":6},"end":{"line":55,"column":7}},"type":"if","locations":[{"start":{"line":52,"column":6},"end":{"line":55,"column":7}},{"start":{"line":52,"column":6},"end":{"line":55,"column":7}}],"line":52},"1":{"loc":{"start":{"line":52,"column":10},"end":{"line":52,"column":29}},"type":"binary-expr","locations":[{"start":{"line":52,"column":10},"end":{"line":52,"column":18}},{"start":{"line":52,"column":22},"end":{"line":52,"column":29}}],"line":52},"2":{"loc":{"start":{"line":110,"column":2},"end":{"line":112,"column":3}},"type":"if","locations":[{"start":{"line":110,"column":2},"end":{"line":112,"column":3}},{"start":{"line":110,"column":2},"end":{"line":112,"column":3}}],"line":110}},"s":{"0":1,"1":1,"2":0,"3":0,"4":0,"5":0,"6":0,"7":0,"8":0,"9":0,"10":0,"11":0,"12":0,"13":0,"14":0,"15":0,"16":0,"17":0,"18":0,"19":0,"20":0,"21":0,"22":0,"23":0,"24":1,"25":1,"26":1,"27":0,"28":1},"f":{"0":0,"1":0,"2":0,"3":0,"4":0,"5":0,"6":1},"b":{"0":[0,0],"1":[0,0],"2":[0,1]},"_coverageSchema":"43e27e138ebf9cfc5966b082cf9a028302ed4184","hash":"c11b63e9a18d0962291628d27b71f84e425851f8"}
,"/home/viniciusms1/Projetos/react-native/go-stack-12/go-barber/mobile/src/pages/AppointmentCreated/index.tsx": {"path":"/home/viniciusms1/Projetos/react-native/go-stack-12/go-barber/mobile/src/pages/AppointmentCreated/index.tsx","statementMap":{"0":{"start":{"line":19,"column":37},"end":{"line":51,"column":1}},"1":{"start":{"line":20,"column":20},"end":{"line":20,"column":35}},"2":{"start":{"line":21,"column":21},"end":{"line":21,"column":31}},"3":{"start":{"line":23,"column":22},"end":{"line":23,"column":43}},"4":{"start":{"line":25,"column":24},"end":{"line":31,"column":24}},"5":{"start":{"line":26,"column":4},"end":{"line":30,"column":6}},"6":{"start":{"line":33,"column":26},"end":{"line":38,"column":13}},"7":{"start":{"line":34,"column":4},"end":{"line":37,"column":7}},"8":{"start":{"line":40,"column":2},"end":{"line":50,"column":4}}},"fnMap":{"0":{"name":"(anonymous_0)","decl":{"start":{"line":19,"column":37},"end":{"line":19,"column":38}},"loc":{"start":{"line":19,"column":43},"end":{"line":51,"column":1}},"line":19},"1":{"name":"(anonymous_1)","decl":{"start":{"line":25,"column":32},"end":{"line":25,"column":33}},"loc":{"start":{"line":25,"column":38},"end":{"line":31,"column":3}},"line":25},"2":{"name":"(anonymous_2)","decl":{"start":{"line":33,"column":38},"end":{"line":33,"column":39}},"loc":{"start":{"line":33,"column":44},"end":{"line":38,"column":3}},"line":33}},"branchMap":{},"s":{"0":0,"1":0,"2":0,"3":0,"4":0,"5":0,"6":0,"7":0,"8":0},"f":{"0":0,"1":0,"2":0},"b":{},"hash":"b21d4c299a10f75663bdcd03bf54e8640e01fc8a"}
,"/home/viniciusms1/Projetos/react-native/go-stack-12/go-barber/mobile/src/pages/CreateAppointment/index.tsx": {"path":"/home/viniciusms1/Projetos/react-native/go-stack-12/go-barber/mobile/src/pages/CreateAppointment/index.tsx","statementMap":{"0":{"start":{"line":47,"column":36},"end":{"line":257,"column":1}},"1":{"start":{"line":48,"column":16},"end":{"line":48,"column":26}},"2":{"start":{"line":49,"column":25},"end":{"line":49,"column":52}},"3":{"start":{"line":50,"column":31},"end":{"line":50,"column":46}},"4":{"start":{"line":51,"column":19},"end":{"line":51,"column":28}},"5":{"start":{"line":53,"column":36},"end":{"line":53,"column":60}},"6":{"start":{"line":54,"column":50},"end":{"line":54,"column":70}},"7":{"start":{"line":55,"column":46},"end":{"line":55,"column":61}},"8":{"start":{"line":56,"column":42},"end":{"line":56,"column":62}},"9":{"start":{"line":57,"column":42},"end":{"line":57,"column":74}},"10":{"start":{"line":58,"column":42},"end":{"line":58,"column":53}},"11":{"start":{"line":60,"column":2},"end":{"line":64,"column":9}},"12":{"start":{"line":61,"column":4},"end":{"line":63,"column":7}},"13":{"start":{"line":62,"column":6},"end":{"line":62,"column":34}},"14":{"start":{"line":66,"column":2},"end":{"line":78,"column":39}},"15":{"start":{"line":67,"column":4},"end":{"line":77,"column":9}},"16":{"start":{"line":76,"column":8},"end":{"line":76,"column":39}},"17":{"start":{"line":80,"column":23},"end":{"line":82,"column":14}},"18":{"start":{"line":81,"column":4},"end":{"line":81,"column":13}},"19":{"start":{"line":84,"column":31},"end":{"line":86,"column":8}},"20":{"start":{"line":85,"column":4},"end":{"line":85,"column":36}},"21":{"start":{"line":88,"column":33},"end":{"line":90,"column":8}},"22":{"start":{"line":89,"column":4},"end":{"line":89,"column":39}},"23":{"start":{"line":89,"column":31},"end":{"line":89,"column":37}},"24":{"start":{"line":92,"column":28},"end":{"line":104,"column":3}},"25":{"start":{"line":95,"column":6},"end":{"line":97,"column":7}},"26":{"start":{"line":96,"column":8},"end":{"line":96,"column":33}},"27":{"start":{"line":99,"column":6},"end":{"line":101,"column":7}},"28":{"start":{"line":100,"column":8},"end":{"line":100,"column":30}},"29":{"start":{"line":106,"column":27},"end":{"line":108,"column":8}},"30":{"start":{"line":107,"column":4},"end":{"line":107,"column":26}},"31":{"start":{"line":110,"column":34},"end":{"line":129,"column":62}},"32":{"start":{"line":111,"column":4},"end":{"line":128,"column":5}},"33":{"start":{"line":112,"column":19},"end":{"line":112,"column":41}},"34":{"start":{"line":114,"column":6},"end":{"line":114,"column":34}},"35":{"start":{"line":115,"column":6},"end":{"line":115,"column":25}},"36":{"start":{"line":117,"column":6},"end":{"line":120,"column":9}},"37":{"start":{"line":122,"column":6},"end":{"line":122,"column":63}},"38":{"start":{"line":124,"column":6},"end":{"line":127,"column":8}},"39":{"start":{"line":131,"column":30},"end":{"line":141,"column":20}},"40":{"start":{"line":132,"column":4},"end":{"line":140,"column":9}},"41":{"start":{"line":133,"column":28},"end":{"line":133,"column":37}},"42":{"start":{"line":135,"column":8},"end":{"line":139,"column":10}},"43":{"start":{"line":143,"column":32},"end":{"line":153,"column":20}},"44":{"start":{"line":144,"column":4},"end":{"line":152,"column":9}},"45":{"start":{"line":145,"column":28},"end":{"line":145,"column":38}},"46":{"start":{"line":147,"column":8},"end":{"line":151,"column":10}},"47":{"start":{"line":155,"column":2},"end":{"line":256,"column":4}},"48":{"start":{"line":171,"column":38},"end":{"line":171,"column":49}},"49":{"start":{"line":175,"column":14},"end":{"line":183,"column":34}},"50":{"start":{"line":176,"column":31},"end":{"line":176,"column":64}},"51":{"start":{"line":213,"column":16},"end":{"line":223,"column":23}},"52":{"start":{"line":216,"column":33},"end":{"line":216,"column":55}},"53":{"start":{"line":234,"column":18},"end":{"line":244,"column":25}},"54":{"start":{"line":237,"column":35},"end":{"line":237,"column":57}}},"fnMap":{"0":{"name":"(anonymous_0)","decl":{"start":{"line":47,"column":36},"end":{"line":47,"column":37}},"loc":{"start":{"line":47,"column":42},"end":{"line":257,"column":1}},"line":47},"1":{"name":"(anonymous_1)","decl":{"start":{"line":60,"column":12},"end":{"line":60,"column":13}},"loc":{"start":{"line":60,"column":18},"end":{"line":64,"column":3}},"line":60},"2":{"name":"(anonymous_2)","decl":{"start":{"line":61,"column":31},"end":{"line":61,"column":32}},"loc":{"start":{"line":61,"column":43},"end":{"line":63,"column":5}},"line":61},"3":{"name":"(anonymous_3)","decl":{"start":{"line":66,"column":12},"end":{"line":66,"column":13}},"loc":{"start":{"line":66,"column":18},"end":{"line":78,"column":3}},"line":66},"4":{"name":"(anonymous_4)","decl":{"start":{"line":75,"column":12},"end":{"line":75,"column":13}},"loc":{"start":{"line":75,"column":24},"end":{"line":77,"column":7}},"line":75},"5":{"name":"(anonymous_5)","decl":{"start":{"line":80,"column":35},"end":{"line":80,"column":36}},"loc":{"start":{"line":80,"column":41},"end":{"line":82,"column":3}},"line":80},"6":{"name":"(anonymous_6)","decl":{"start":{"line":84,"column":43},"end":{"line":84,"column":44}},"loc":{"start":{"line":84,"column":67},"end":{"line":86,"column":3}},"line":84},"7":{"name":"(anonymous_7)","decl":{"start":{"line":88,"column":45},"end":{"line":88,"column":46}},"loc":{"start":{"line":88,"column":51},"end":{"line":90,"column":3}},"line":88},"8":{"name":"(anonymous_8)","decl":{"start":{"line":89,"column":22},"end":{"line":89,"column":23}},"loc":{"start":{"line":89,"column":31},"end":{"line":89,"column":37}},"line":89},"9":{"name":"(anonymous_9)","decl":{"start":{"line":94,"column":4},"end":{"line":94,"column":5}},"loc":{"start":{"line":94,"column":44},"end":{"line":102,"column":5}},"line":94},"10":{"name":"(anonymous_10)","decl":{"start":{"line":106,"column":39},"end":{"line":106,"column":40}},"loc":{"start":{"line":106,"column":57},"end":{"line":108,"column":3}},"line":106},"11":{"name":"(anonymous_11)","decl":{"start":{"line":110,"column":46},"end":{"line":110,"column":47}},"loc":{"start":{"line":110,"column":58},"end":{"line":129,"column":3}},"line":110},"12":{"name":"(anonymous_12)","decl":{"start":{"line":131,"column":38},"end":{"line":131,"column":39}},"loc":{"start":{"line":131,"column":44},"end":{"line":141,"column":3}},"line":131},"13":{"name":"(anonymous_13)","decl":{"start":{"line":133,"column":14},"end":{"line":133,"column":15}},"loc":{"start":{"line":133,"column":28},"end":{"line":133,"column":37}},"line":133},"14":{"name":"(anonymous_14)","decl":{"start":{"line":134,"column":11},"end":{"line":134,"column":12}},"loc":{"start":{"line":134,"column":36},"end":{"line":140,"column":7}},"line":134},"15":{"name":"(anonymous_15)","decl":{"start":{"line":143,"column":40},"end":{"line":143,"column":41}},"loc":{"start":{"line":143,"column":46},"end":{"line":153,"column":3}},"line":143},"16":{"name":"(anonymous_16)","decl":{"start":{"line":145,"column":14},"end":{"line":145,"column":15}},"loc":{"start":{"line":145,"column":28},"end":{"line":145,"column":38}},"line":145},"17":{"name":"(anonymous_17)","decl":{"start":{"line":146,"column":11},"end":{"line":146,"column":12}},"loc":{"start":{"line":146,"column":36},"end":{"line":152,"column":7}},"line":146},"18":{"name":"(anonymous_18)","decl":{"start":{"line":171,"column":26},"end":{"line":171,"column":27}},"loc":{"start":{"line":171,"column":38},"end":{"line":171,"column":49}},"line":171},"19":{"name":"(anonymous_19)","decl":{"start":{"line":174,"column":24},"end":{"line":174,"column":25}},"loc":{"start":{"line":175,"column":14},"end":{"line":183,"column":34}},"line":175},"20":{"name":"(anonymous_20)","decl":{"start":{"line":176,"column":25},"end":{"line":176,"column":26}},"loc":{"start":{"line":176,"column":31},"end":{"line":176,"column":64}},"line":176},"21":{"name":"(anonymous_21)","decl":{"start":{"line":212,"column":39},"end":{"line":212,"column":40}},"loc":{"start":{"line":213,"column":16},"end":{"line":223,"column":23}},"line":213},"22":{"name":"(anonymous_22)","decl":{"start":{"line":216,"column":27},"end":{"line":216,"column":28}},"loc":{"start":{"line":216,"column":33},"end":{"line":216,"column":55}},"line":216},"23":{"name":"(anonymous_23)","decl":{"start":{"line":233,"column":16},"end":{"line":233,"column":17}},"loc":{"start":{"line":234,"column":18},"end":{"line":244,"column":25}},"line":234},"24":{"name":"(anonymous_24)","decl":{"start":{"line":237,"column":29},"end":{"line":237,"column":30}},"loc":{"start":{"line":237,"column":35},"end":{"line":237,"column":57}},"line":237}},"branchMap":{"0":{"loc":{"start":{"line":95,"column":6},"end":{"line":97,"column":7}},"type":"if","locations":[{"start":{"line":95,"column":6},"end":{"line":97,"column":7}},{"start":{"line":95,"column":6},"end":{"line":97,"column":7}}],"line":95},"1":{"loc":{"start":{"line":99,"column":6},"end":{"line":101,"column":7}},"type":"if","locations":[{"start":{"line":99,"column":6},"end":{"line":101,"column":7}},{"start":{"line":99,"column":6},"end":{"line":101,"column":7}}],"line":99},"2":{"loc":{"start":{"line":195,"column":11},"end":{"line":202,"column":11}},"type":"binary-expr","locations":[{"start":{"line":195,"column":11},"end":{"line":195,"column":25}},{"start":{"line":196,"column":12},"end":{"line":201,"column":14}}],"line":195}},"s":{"0":0,"1":0,"2":0,"3":0,"4":0,"5":0,"6":0,"7":0,"8":0,"9":0,"10":0,"11":0,"12":0,"13":0,"14":0,"15":0,"16":0,"17":0,"18":0,"19":0,"20":0,"21":0,"22":0,"23":0,"24":0,"25":0,"26":0,"27":0,"28":0,"29":0,"30":0,"31":0,"32":0,"33":0,"34":0,"35":0,"36":0,"37":0,"38":0,"39":0,"40":0,"41":0,"42":0,"43":0,"44":0,"45":0,"46":0,"47":0,"48":0,"49":0,"50":0,"51":0,"52":0,"53":0,"54":0},"f":{"0":0,"1":0,"2":0,"3":0,"4":0,"5":0,"6":0,"7":0,"8":0,"9":0,"10":0,"11":0,"12":0,"13":0,"14":0,"15":0,"16":0,"17":0,"18":0,"19":0,"20":0,"21":0,"22":0,"23":0,"24":0},"b":{"0":[0,0],"1":[0,0],"2":[0,0]},"hash":"de09424fa67c289c5545eb752b6524987ea0bfb0"}
,"/home/viniciusms1/Projetos/react-native/go-stack-12/go-barber/mobile/src/pages/Dashboard/index.tsx": {"path":"/home/viniciusms1/Projetos/react-native/go-stack-12/go-barber/mobile/src/pages/Dashboard/index.tsx","statementMap":{"0":{"start":{"line":30,"column":28},"end":{"line":96,"column":1}},"1":{"start":{"line":31,"column":36},"end":{"line":31,"column":60}},"2":{"start":{"line":32,"column":19},"end":{"line":32,"column":28}},"3":{"start":{"line":33,"column":23},"end":{"line":33,"column":38}},"4":{"start":{"line":35,"column":2},"end":{"line":42,"column":9}},"5":{"start":{"line":36,"column":4},"end":{"line":41,"column":51}},"6":{"start":{"line":39,"column":8},"end":{"line":39,"column":36}},"7":{"start":{"line":41,"column":22},"end":{"line":41,"column":49}},"8":{"start":{"line":44,"column":28},"end":{"line":46,"column":16}},"9":{"start":{"line":45,"column":4},"end":{"line":45,"column":24}},"10":{"start":{"line":48,"column":38},"end":{"line":53,"column":3}},"11":{"start":{"line":50,"column":6},"end":{"line":50,"column":52}},"12":{"start":{"line":55,"column":2},"end":{"line":95,"column":4}},"13":{"start":{"line":70,"column":34},"end":{"line":70,"column":45}},"14":{"start":{"line":75,"column":10},"end":{"line":91,"column":30}},"15":{"start":{"line":76,"column":27},"end":{"line":76,"column":67}}},"fnMap":{"0":{"name":"(anonymous_0)","decl":{"start":{"line":30,"column":28},"end":{"line":30,"column":29}},"loc":{"start":{"line":30,"column":34},"end":{"line":96,"column":1}},"line":30},"1":{"name":"(anonymous_1)","decl":{"start":{"line":35,"column":12},"end":{"line":35,"column":13}},"loc":{"start":{"line":35,"column":18},"end":{"line":42,"column":3}},"line":35},"2":{"name":"(anonymous_2)","decl":{"start":{"line":38,"column":12},"end":{"line":38,"column":13}},"loc":{"start":{"line":38,"column":24},"end":{"line":40,"column":7}},"line":38},"3":{"name":"(anonymous_3)","decl":{"start":{"line":41,"column":13},"end":{"line":41,"column":14}},"loc":{"start":{"line":41,"column":22},"end":{"line":41,"column":49}},"line":41},"4":{"name":"(anonymous_4)","decl":{"start":{"line":44,"column":40},"end":{"line":44,"column":41}},"loc":{"start":{"line":44,"column":46},"end":{"line":46,"column":3}},"line":44},"5":{"name":"(anonymous_5)","decl":{"start":{"line":49,"column":4},"end":{"line":49,"column":5}},"loc":{"start":{"line":49,"column":28},"end":{"line":51,"column":5}},"line":49},"6":{"name":"(anonymous_6)","decl":{"start":{"line":70,"column":22},"end":{"line":70,"column":23}},"loc":{"start":{"line":70,"column":34},"end":{"line":70,"column":45}},"line":70},"7":{"name":"(anonymous_7)","decl":{"start":{"line":74,"column":20},"end":{"line":74,"column":21}},"loc":{"start":{"line":75,"column":10},"end":{"line":91,"column":30}},"line":75},"8":{"name":"(anonymous_8)","decl":{"start":{"line":76,"column":21},"end":{"line":76,"column":22}},"loc":{"start":{"line":76,"column":27},"end":{"line":76,"column":67}},"line":76}},"branchMap":{},"s":{"0":0,"1":0,"2":0,"3":0,"4":0,"5":0,"6":0,"7":0,"8":0,"9":0,"10":0,"11":0,"12":0,"13":0,"14":0,"15":0},"f":{"0":0,"1":0,"2":0,"3":0,"4":0,"5":0,"6":0,"7":0,"8":0},"b":{},"hash":"30b8aca05d85bd91a4464f1010314522e4a83bc4"}
,"/home/viniciusms1/Projetos/react-native/go-stack-12/go-barber/mobile/src/pages/Profile/index.tsx": {"path":"/home/viniciusms1/Projetos/react-native/go-stack-12/go-barber/mobile/src/pages/Profile/index.tsx","statementMap":{"0":{"start":{"line":40,"column":26},"end":{"line":245,"column":1}},"1":{"start":{"line":41,"column":31},"end":{"line":41,"column":40}},"2":{"start":{"line":42,"column":21},"end":{"line":42,"column":36}},"3":{"start":{"line":43,"column":18},"end":{"line":43,"column":43}},"4":{"start":{"line":44,"column":24},"end":{"line":44,"column":47}},"5":{"start":{"line":45,"column":30},"end":{"line":45,"column":53}},"6":{"start":{"line":46,"column":27},"end":{"line":46,"column":50}},"7":{"start":{"line":47,"column":34},"end":{"line":47,"column":57}},"8":{"start":{"line":49,"column":23},"end":{"line":121,"column":3}},"9":{"start":{"line":51,"column":6},"end":{"line":118,"column":7}},"10":{"start":{"line":52,"column":8},"end":{"line":52,"column":39}},"11":{"start":{"line":54,"column":23},"end":{"line":72,"column":10}},"12":{"start":{"line":61,"column":23},"end":{"line":61,"column":35}},"13":{"start":{"line":67,"column":25},"end":{"line":67,"column":37}},"14":{"start":{"line":74,"column":8},"end":{"line":76,"column":11}},"15":{"start":{"line":84,"column":12},"end":{"line":84,"column":16}},"16":{"start":{"line":86,"column":25},"end":{"line":96,"column":9}},"17":{"start":{"line":98,"column":25},"end":{"line":98,"column":60}},"18":{"start":{"line":100,"column":8},"end":{"line":100,"column":34}},"19":{"start":{"line":102,"column":8},"end":{"line":102,"column":53}},"20":{"start":{"line":104,"column":8},"end":{"line":104,"column":28}},"21":{"start":{"line":106,"column":8},"end":{"line":112,"column":9}},"22":{"start":{"line":107,"column":25},"end":{"line":107,"column":51}},"23":{"start":{"line":109,"column":10},"end":{"line":109,"column":45}},"24":{"start":{"line":111,"column":10},"end":{"line":111,"column":17}},"25":{"start":{"line":114,"column":8},"end":{"line":117,"column":10}},"26":{"start":{"line":123,"column":29},"end":{"line":153,"column":27}},"27":{"start":{"line":124,"column":4},"end":{"line":152,"column":6}},"28":{"start":{"line":132,"column":8},"end":{"line":134,"column":9}},"29":{"start":{"line":133,"column":10},"end":{"line":133,"column":17}},"30":{"start":{"line":135,"column":8},"end":{"line":138,"column":9}},"31":{"start":{"line":136,"column":10},"end":{"line":136,"column":54}},"32":{"start":{"line":137,"column":10},"end":{"line":137,"column":17}},"33":{"start":{"line":140,"column":21},"end":{"line":140,"column":35}},"34":{"start":{"line":142,"column":8},"end":{"line":146,"column":11}},"35":{"start":{"line":148,"column":8},"end":{"line":150,"column":11}},"36":{"start":{"line":149,"column":10},"end":{"line":149,"column":39}},"37":{"start":{"line":155,"column":23},"end":{"line":157,"column":18}},"38":{"start":{"line":156,"column":4},"end":{"line":156,"column":24}},"39":{"start":{"line":159,"column":2},"end":{"line":244,"column":4}},"40":{"start":{"line":188,"column":18},"end":{"line":188,"column":49}},"41":{"start":{"line":201,"column":18},"end":{"line":201,"column":55}},"42":{"start":{"line":213,"column":39},"end":{"line":213,"column":72}},"43":{"start":{"line":223,"column":39},"end":{"line":223,"column":79}},"44":{"start":{"line":233,"column":39},"end":{"line":233,"column":68}},"45":{"start":{"line":236,"column":37},"end":{"line":236,"column":66}}},"fnMap":{"0":{"name":"(anonymous_0)","decl":{"start":{"line":40,"column":26},"end":{"line":40,"column":27}},"loc":{"start":{"line":40,"column":32},"end":{"line":245,"column":1}},"line":40},"1":{"name":"(anonymous_1)","decl":{"start":{"line":50,"column":4},"end":{"line":50,"column":5}},"loc":{"start":{"line":50,"column":52},"end":{"line":119,"column":5}},"line":50},"2":{"name":"(anonymous_2)","decl":{"start":{"line":61,"column":16},"end":{"line":61,"column":17}},"loc":{"start":{"line":61,"column":23},"end":{"line":61,"column":35}},"line":61},"3":{"name":"(anonymous_3)","decl":{"start":{"line":67,"column":18},"end":{"line":67,"column":19}},"loc":{"start":{"line":67,"column":25},"end":{"line":67,"column":37}},"line":67},"4":{"name":"(anonymous_4)","decl":{"start":{"line":123,"column":41},"end":{"line":123,"column":42}},"loc":{"start":{"line":123,"column":47},"end":{"line":153,"column":3}},"line":123},"5":{"name":"(anonymous_5)","decl":{"start":{"line":131,"column":6},"end":{"line":131,"column":7}},"loc":{"start":{"line":131,"column":18},"end":{"line":151,"column":7}},"line":131},"6":{"name":"(anonymous_6)","decl":{"start":{"line":148,"column":46},"end":{"line":148,"column":47}},"loc":{"start":{"line":148,"column":61},"end":{"line":150,"column":9}},"line":148},"7":{"name":"(anonymous_7)","decl":{"start":{"line":155,"column":35},"end":{"line":155,"column":36}},"loc":{"start":{"line":155,"column":41},"end":{"line":157,"column":3}},"line":155},"8":{"name":"(anonymous_8)","decl":{"start":{"line":187,"column":33},"end":{"line":187,"column":34}},"loc":{"start":{"line":187,"column":39},"end":{"line":189,"column":17}},"line":187},"9":{"name":"(anonymous_9)","decl":{"start":{"line":200,"column":33},"end":{"line":200,"column":34}},"loc":{"start":{"line":200,"column":39},"end":{"line":202,"column":17}},"line":200},"10":{"name":"(anonymous_10)","decl":{"start":{"line":213,"column":33},"end":{"line":213,"column":34}},"loc":{"start":{"line":213,"column":39},"end":{"line":213,"column":72}},"line":213},"11":{"name":"(anonymous_11)","decl":{"start":{"line":223,"column":33},"end":{"line":223,"column":34}},"loc":{"start":{"line":223,"column":39},"end":{"line":223,"column":79}},"line":223},"12":{"name":"(anonymous_12)","decl":{"start":{"line":233,"column":33},"end":{"line":233,"column":34}},"loc":{"start":{"line":233,"column":39},"end":{"line":233,"column":68}},"line":233},"13":{"name":"(anonymous_13)","decl":{"start":{"line":236,"column":31},"end":{"line":236,"column":32}},"loc":{"start":{"line":236,"column":37},"end":{"line":236,"column":66}},"line":236}},"branchMap":{"0":{"loc":{"start":{"line":89,"column":14},"end":{"line":95,"column":16}},"type":"cond-expr","locations":[{"start":{"line":90,"column":14},"end":{"line":94,"column":15}},{"start":{"line":95,"column":14},"end":{"line":95,"column":16}}],"line":89},"1":{"loc":{"start":{"line":106,"column":8},"end":{"line":112,"column":9}},"type":"if","locations":[{"start":{"line":106,"column":8},"end":{"line":112,"column":9}},{"start":{"line":106,"column":8},"end":{"line":112,"column":9}}],"line":106},"2":{"loc":{"start":{"line":132,"column":8},"end":{"line":134,"column":9}},"type":"if","locations":[{"start":{"line":132,"column":8},"end":{"line":134,"column":9}},{"start":{"line":132,"column":8},"end":{"line":134,"column":9}}],"line":132},"3":{"loc":{"start":{"line":135,"column":8},"end":{"line":138,"column":9}},"type":"if","locations":[{"start":{"line":135,"column":8},"end":{"line":138,"column":9}},{"start":{"line":135,"column":8},"end":{"line":138,"column":9}}],"line":135},"4":{"loc":{"start":{"line":163,"column":18},"end":{"line":163,"column":63}},"type":"cond-expr","locations":[{"start":{"line":163,"column":42},"end":{"line":163,"column":51}},{"start":{"line":163,"column":54},"end":{"line":163,"column":63}}],"line":163}},"s":{"0":0,"1":0,"2":0,"3":0,"4":0,"5":0,"6":0,"7":0,"8":0,"9":0,"10":0,"11":0,"12":0,"13":0,"14":0,"15":0,"16":0,"17":0,"18":0,"19":0,"20":0,"21":0,"22":0,"23":0,"24":0,"25":0,"26":0,"27":0,"28":0,"29":0,"30":0,"31":0,"32":0,"33":0,"34":0,"35":0,"36":0,"37":0,"38":0,"39":0,"40":0,"41":0,"42":0,"43":0,"44":0,"45":0},"f":{"0":0,"1":0,"2":0,"3":0,"4":0,"5":0,"6":0,"7":0,"8":0,"9":0,"10":0,"11":0,"12":0,"13":0},"b":{"0":[0,0],"1":[0,0],"2":[0,0],"3":[0,0],"4":[0,0]},"hash":"110febafa234d23c2a818e0583d87cc765134b39"}
,"/home/viniciusms1/Projetos/react-native/go-stack-12/go-barber/mobile/src/pages/SignIn/index.tsx": {"path":"/home/viniciusms1/Projetos/react-native/go-stack-12/go-barber/mobile/src/pages/SignIn/index.tsx","statementMap":{"0":{"start":{"line":39,"column":25},"end":{"line":140,"column":1}},"1":{"start":{"line":40,"column":21},"end":{"line":40,"column":36}},"2":{"start":{"line":41,"column":18},"end":{"line":41,"column":43}},"3":{"start":{"line":42,"column":27},"end":{"line":42,"column":50}},"4":{"start":{"line":43,"column":21},"end":{"line":43,"column":30}},"5":{"start":{"line":45,"column":23},"end":{"line":82,"column":8}},"6":{"start":{"line":46,"column":4},"end":{"line":81,"column":5}},"7":{"start":{"line":47,"column":6},"end":{"line":47,"column":37}},"8":{"start":{"line":49,"column":21},"end":{"line":54,"column":8}},"9":{"start":{"line":56,"column":6},"end":{"line":58,"column":9}},"10":{"start":{"line":60,"column":6},"end":{"line":63,"column":9}},"11":{"start":{"line":67,"column":6},"end":{"line":75,"column":7}},"12":{"start":{"line":68,"column":23},"end":{"line":68,"column":49}},"13":{"start":{"line":70,"column":8},"end":{"line":70,"column":28}},"14":{"start":{"line":72,"column":8},"end":{"line":72,"column":43}},"15":{"start":{"line":74,"column":8},"end":{"line":74,"column":15}},"16":{"start":{"line":77,"column":6},"end":{"line":80,"column":8}},"17":{"start":{"line":84,"column":2},"end":{"line":139,"column":4}},"18":{"start":{"line":110,"column":18},"end":{"line":110,"column":52}},"19":{"start":{"line":120,"column":39},"end":{"line":120,"column":68}},"20":{"start":{"line":123,"column":37},"end":{"line":123,"column":66}},"21":{"start":{"line":128,"column":43},"end":{"line":128,"column":63}},"22":{"start":{"line":134,"column":42},"end":{"line":134,"column":71}}},"fnMap":{"0":{"name":"(anonymous_0)","decl":{"start":{"line":39,"column":25},"end":{"line":39,"column":26}},"loc":{"start":{"line":39,"column":31},"end":{"line":140,"column":1}},"line":39},"1":{"name":"(anonymous_1)","decl":{"start":{"line":45,"column":35},"end":{"line":45,"column":36}},"loc":{"start":{"line":45,"column":67},"end":{"line":82,"column":3}},"line":45},"2":{"name":"(anonymous_2)","decl":{"start":{"line":109,"column":33},"end":{"line":109,"column":34}},"loc":{"start":{"line":109,"column":39},"end":{"line":111,"column":17}},"line":109},"3":{"name":"(anonymous_3)","decl":{"start":{"line":120,"column":33},"end":{"line":120,"column":34}},"loc":{"start":{"line":120,"column":39},"end":{"line":120,"column":68}},"line":120},"4":{"name":"(anonymous_4)","decl":{"start":{"line":123,"column":31},"end":{"line":123,"column":32}},"loc":{"start":{"line":123,"column":37},"end":{"line":123,"column":66}},"line":123},"5":{"name":"(anonymous_5)","decl":{"start":{"line":128,"column":37},"end":{"line":128,"column":38}},"loc":{"start":{"line":128,"column":43},"end":{"line":128,"column":63}},"line":128},"6":{"name":"(anonymous_6)","decl":{"start":{"line":134,"column":36},"end":{"line":134,"column":37}},"loc":{"start":{"line":134,"column":42},"end":{"line":134,"column":71}},"line":134}},"branchMap":{"0":{"loc":{"start":{"line":67,"column":6},"end":{"line":75,"column":7}},"type":"if","locations":[{"start":{"line":67,"column":6},"end":{"line":75,"column":7}},{"start":{"line":67,"column":6},"end":{"line":75,"column":7}}],"line":67},"1":{"loc":{"start":{"line":88,"column":18},"end":{"line":88,"column":63}},"type":"cond-expr","locations":[{"start":{"line":88,"column":42},"end":{"line":88,"column":51}},{"start":{"line":88,"column":54},"end":{"line":88,"column":63}}],"line":88}},"s":{"0":1,"1":1,"2":1,"3":1,"4":1,"5":1,"6":0,"7":0,"8":0,"9":0,"10":0,"11":0,"12":0,"13":0,"14":0,"15":0,"16":0,"17":1,"18":0,"19":0,"20":0,"21":0,"22":0},"f":{"0":1,"1":0,"2":0,"3":0,"4":0,"5":0,"6":0},"b":{"0":[0,0],"1":[1,0]},"_coverageSchema":"43e27e138ebf9cfc5966b082cf9a028302ed4184","hash":"c55873991b346c045033a256cab16a2b35bef420"}
,"/home/viniciusms1/Projetos/react-native/go-stack-12/go-barber/mobile/src/pages/SignUp/index.tsx": {"path":"/home/viniciusms1/Projetos/react-native/go-stack-12/go-barber/mobile/src/pages/SignUp/index.tsx","statementMap":{"0":{"start":{"line":33,"column":25},"end":{"line":146,"column":1}},"1":{"start":{"line":34,"column":21},"end":{"line":34,"column":36}},"2":{"start":{"line":35,"column":18},"end":{"line":35,"column":43}},"3":{"start":{"line":36,"column":24},"end":{"line":36,"column":47}},"4":{"start":{"line":37,"column":27},"end":{"line":37,"column":50}},"5":{"start":{"line":39,"column":23},"end":{"line":80,"column":3}},"6":{"start":{"line":41,"column":6},"end":{"line":77,"column":7}},"7":{"start":{"line":42,"column":8},"end":{"line":42,"column":39}},"8":{"start":{"line":44,"column":23},"end":{"line":50,"column":10}},"9":{"start":{"line":52,"column":8},"end":{"line":54,"column":11}},"10":{"start":{"line":56,"column":8},"end":{"line":56,"column":39}},"11":{"start":{"line":58,"column":8},"end":{"line":61,"column":10}},"12":{"start":{"line":63,"column":8},"end":{"line":63,"column":28}},"13":{"start":{"line":65,"column":8},"end":{"line":71,"column":9}},"14":{"start":{"line":66,"column":25},"end":{"line":66,"column":51}},"15":{"start":{"line":68,"column":10},"end":{"line":68,"column":45}},"16":{"start":{"line":70,"column":10},"end":{"line":70,"column":17}},"17":{"start":{"line":73,"column":8},"end":{"line":76,"column":10}},"18":{"start":{"line":82,"column":2},"end":{"line":145,"column":4}},"19":{"start":{"line":106,"column":18},"end":{"line":106,"column":49}},"20":{"start":{"line":119,"column":18},"end":{"line":119,"column":52}},"21":{"start":{"line":130,"column":39},"end":{"line":130,"column":68}},"22":{"start":{"line":133,"column":37},"end":{"line":133,"column":66}},"23":{"start":{"line":140,"column":35},"end":{"line":140,"column":54}}},"fnMap":{"0":{"name":"(anonymous_0)","decl":{"start":{"line":33,"column":25},"end":{"line":33,"column":26}},"loc":{"start":{"line":33,"column":31},"end":{"line":146,"column":1}},"line":33},"1":{"name":"(anonymous_1)","decl":{"start":{"line":40,"column":4},"end":{"line":40,"column":5}},"loc":{"start":{"line":40,"column":51},"end":{"line":78,"column":5}},"line":40},"2":{"name":"(anonymous_2)","decl":{"start":{"line":105,"column":33},"end":{"line":105,"column":34}},"loc":{"start":{"line":105,"column":39},"end":{"line":107,"column":17}},"line":105},"3":{"name":"(anonymous_3)","decl":{"start":{"line":118,"column":33},"end":{"line":118,"column":34}},"loc":{"start":{"line":118,"column":39},"end":{"line":120,"column":17}},"line":118},"4":{"name":"(anonymous_4)","decl":{"start":{"line":130,"column":33},"end":{"line":130,"column":34}},"loc":{"start":{"line":130,"column":39},"end":{"line":130,"column":68}},"line":130},"5":{"name":"(anonymous_5)","decl":{"start":{"line":133,"column":31},"end":{"line":133,"column":32}},"loc":{"start":{"line":133,"column":37},"end":{"line":133,"column":66}},"line":133},"6":{"name":"(anonymous_6)","decl":{"start":{"line":140,"column":29},"end":{"line":140,"column":30}},"loc":{"start":{"line":140,"column":35},"end":{"line":140,"column":54}},"line":140}},"branchMap":{"0":{"loc":{"start":{"line":65,"column":8},"end":{"line":71,"column":9}},"type":"if","locations":[{"start":{"line":65,"column":8},"end":{"line":71,"column":9}},{"start":{"line":65,"column":8},"end":{"line":71,"column":9}}],"line":65},"1":{"loc":{"start":{"line":86,"column":18},"end":{"line":86,"column":63}},"type":"cond-expr","locations":[{"start":{"line":86,"column":42},"end":{"line":86,"column":51}},{"start":{"line":86,"column":54},"end":{"line":86,"column":63}}],"line":86}},"s":{"0":0,"1":0,"2":0,"3":0,"4":0,"5":0,"6":0,"7":0,"8":0,"9":0,"10":0,"11":0,"12":0,"13":0,"14":0,"15":0,"16":0,"17":0,"18":0,"19":0,"20":0,"21":0,"22":0,"23":0},"f":{"0":0,"1":0,"2":0,"3":0,"4":0,"5":0,"6":0},"b":{"0":[0,0],"1":[0,0]},"hash":"116159cbc5e9e51a83537486a22e4f15d7d99121"}
}
